<?xml version="1.0" encoding="UTF-8"?>
<!-- Generated by org.testng.reporters.JUnitReportReporter -->
<testsuite hostname="ramkrishnas-mbp.lan" failures="0" tests="1" name="com.github.CRUD.ValidateCRUDFunctionality" time="0.598" errors="0" timestamp="2024-03-21T11:00:33 CDT" skipped="0">
  <testcase classname="com.github.CRUD.ValidateCRUDFunctionality" name="validateDeleteRepoData" time="0.598"/>
  <system-out/>
</testsuite> <!-- com.github.CRUD.ValidateCRUDFunctionality -->
