<?xml version="1.0" encoding="UTF-8"?>
<!-- Generated by org.testng.reporters.JUnitReportReporter -->
<testsuite hostname="ramkrishnas-mbp.lan" failures="0" tests="1" name="com.github.CRUD.ValidateLoginAPI_Functionality" time="2.422" errors="0" timestamp="2024-03-20T23:08:29 CDT" skipped="0">
  <testcase classname="com.github.CRUD.ValidateLoginAPI_Functionality" name="validateLoginWithValidCredentials" time="2.422"/>
  <system-out/>
</testsuite> <!-- com.github.CRUD.ValidateLoginAPI_Functionality -->
